<?xml version="1.0" encoding="UTF-8"?>
<testsuite xmlns:xsi="http://www.w3.org/2001/XMLSchema-instance" xsi:noNamespaceSchemaLocation="https://maven.apache.org/surefire/maven-surefire-plugin/xsd/surefire-test-report.xsd" name="com.mk.springexpression.BeanTest" time="0.032" tests="1" errors="0" skipped="0" failures="0">
  <properties>
    <property name="sun.desktop" value="windows"/>
    <property name="awt.toolkit" value="sun.awt.windows.WToolkit"/>
    <property name="file.encoding.pkg" value="sun.io"/>
    <property name="java.specification.version" value="1.8"/>
    <property name="sun.cpu.isalist" value="pentium_pro+mmx pentium_pro pentium+mmx pentium i486 i386 i86"/>
    <property name="sun.jnu.encoding" value="GBK"/>
    <property name="java.class.path" value="D:\workspace\spring_2\target\test-classes;D:\workspace\spring_2\target\classes;D:\apache-maven-3.6.3\maven_jar_package\org\springframework\amqp\spring-rabbit\2.1.7.RELEASE\spring-rabbit-2.1.7.RELEASE.jar;D:\apache-maven-3.6.3\maven_jar_package\org\springframework\amqp\spring-amqp\2.1.7.RELEASE\spring-amqp-2.1.7.RELEASE.jar;D:\apache-maven-3.6.3\maven_jar_package\org\springframework\retry\spring-retry\1.2.4.RELEASE\spring-retry-1.2.4.RELEASE.jar;D:\apache-maven-3.6.3\maven_jar_package\org\springframework\spring-messaging\5.1.8.RELEASE\spring-messaging-5.1.8.RELEASE.jar;D:\apache-maven-3.6.3\maven_jar_package\com\rabbitmq\amqp-client\5.8.0\amqp-client-5.8.0.jar;D:\apache-maven-3.6.3\maven_jar_package\org\slf4j\slf4j-api\1.7.29\slf4j-api-1.7.29.jar;D:\apache-maven-3.6.3\maven_jar_package\com\fasterxml\jackson\core\jackson-databind\2.9.5\jackson-databind-2.9.5.jar;D:\apache-maven-3.6.3\maven_jar_package\com\fasterxml\jackson\core\jackson-annotations\2.9.0\jackson-annotations-2.9.0.jar;D:\apache-maven-3.6.3\maven_jar_package\com\fasterxml\jackson\core\jackson-core\2.9.5\jackson-core-2.9.5.jar;D:\apache-maven-3.6.3\maven_jar_package\org\elasticsearch\elasticsearch\6.2.2\elasticsearch-6.2.2.jar;D:\apache-maven-3.6.3\maven_jar_package\org\elasticsearch\elasticsearch-core\6.2.2\elasticsearch-core-6.2.2.jar;D:\apache-maven-3.6.3\maven_jar_package\org\apache\lucene\lucene-core\7.2.1\lucene-core-7.2.1.jar;D:\apache-maven-3.6.3\maven_jar_package\org\apache\lucene\lucene-analyzers-common\7.2.1\lucene-analyzers-common-7.2.1.jar;D:\apache-maven-3.6.3\maven_jar_package\org\apache\lucene\lucene-backward-codecs\7.2.1\lucene-backward-codecs-7.2.1.jar;D:\apache-maven-3.6.3\maven_jar_package\org\apache\lucene\lucene-grouping\7.2.1\lucene-grouping-7.2.1.jar;D:\apache-maven-3.6.3\maven_jar_package\org\apache\lucene\lucene-highlighter\7.2.1\lucene-highlighter-7.2.1.jar;D:\apache-maven-3.6.3\maven_jar_package\org\apache\lucene\lucene-join\7.2.1\lucene-join-7.2.1.jar;D:\apache-maven-3.6.3\maven_jar_package\org\apache\lucene\lucene-memory\7.2.1\lucene-memory-7.2.1.jar;D:\apache-maven-3.6.3\maven_jar_package\org\apache\lucene\lucene-misc\7.2.1\lucene-misc-7.2.1.jar;D:\apache-maven-3.6.3\maven_jar_package\org\apache\lucene\lucene-queries\7.2.1\lucene-queries-7.2.1.jar;D:\apache-maven-3.6.3\maven_jar_package\org\apache\lucene\lucene-queryparser\7.2.1\lucene-queryparser-7.2.1.jar;D:\apache-maven-3.6.3\maven_jar_package\org\apache\lucene\lucene-sandbox\7.2.1\lucene-sandbox-7.2.1.jar;D:\apache-maven-3.6.3\maven_jar_package\org\apache\lucene\lucene-spatial\7.2.1\lucene-spatial-7.2.1.jar;D:\apache-maven-3.6.3\maven_jar_package\org\apache\lucene\lucene-spatial-extras\7.2.1\lucene-spatial-extras-7.2.1.jar;D:\apache-maven-3.6.3\maven_jar_package\org\apache\lucene\lucene-spatial3d\7.2.1\lucene-spatial3d-7.2.1.jar;D:\apache-maven-3.6.3\maven_jar_package\org\apache\lucene\lucene-suggest\7.2.1\lucene-suggest-7.2.1.jar;D:\apache-maven-3.6.3\maven_jar_package\org\elasticsearch\securesm\1.2\securesm-1.2.jar;D:\apache-maven-3.6.3\maven_jar_package\org\elasticsearch\elasticsearch-cli\6.2.2\elasticsearch-cli-6.2.2.jar;D:\apache-maven-3.6.3\maven_jar_package\net\sf\jopt-simple\jopt-simple\5.0.2\jopt-simple-5.0.2.jar;D:\apache-maven-3.6.3\maven_jar_package\com\carrotsearch\hppc\0.7.1\hppc-0.7.1.jar;D:\apache-maven-3.6.3\maven_jar_package\joda-time\joda-time\2.9.9\joda-time-2.9.9.jar;D:\apache-maven-3.6.3\maven_jar_package\org\yaml\snakeyaml\1.17\snakeyaml-1.17.jar;D:\apache-maven-3.6.3\maven_jar_package\com\fasterxml\jackson\dataformat\jackson-dataformat-smile\2.8.10\jackson-dataformat-smile-2.8.10.jar;D:\apache-maven-3.6.3\maven_jar_package\com\fasterxml\jackson\dataformat\jackson-dataformat-yaml\2.8.10\jackson-dataformat-yaml-2.8.10.jar;D:\apache-maven-3.6.3\maven_jar_package\com\fasterxml\jackson\dataformat\jackson-dataformat-cbor\2.8.10\jackson-dataformat-cbor-2.8.10.jar;D:\apache-maven-3.6.3\maven_jar_package\com\tdunning\t-digest\3.0\t-digest-3.0.jar;D:\apache-maven-3.6.3\maven_jar_package\org\hdrhistogram\HdrHistogram\2.1.9\HdrHistogram-2.1.9.jar;D:\apache-maven-3.6.3\maven_jar_package\org\apache\logging\log4j\log4j-api\2.9.1\log4j-api-2.9.1.jar;D:\apache-maven-3.6.3\maven_jar_package\org\elasticsearch\jna\4.5.1\jna-4.5.1.jar;D:\apache-maven-3.6.3\maven_jar_package\org\nlpcn\elasticsearch-sql\6.2.2.0\elasticsearch-sql-6.2.2.0.jar;D:\apache-maven-3.6.3\maven_jar_package\com\alibaba\druid\1.0.15\druid-1.0.15.jar;D:\java\jdk1.8\jdk\jre\..\lib\jconsole.jar;D:\java\jdk1.8\jdk\jre\..\lib\tools.jar;D:\apache-maven-3.6.3\maven_jar_package\org\locationtech\spatial4j\spatial4j\0.6\spatial4j-0.6.jar;D:\apache-maven-3.6.3\maven_jar_package\com\vividsolutions\jts\1.13\jts-1.13.jar;D:\apache-maven-3.6.3\maven_jar_package\com\google\guava\guava\15.0\guava-15.0.jar;D:\apache-maven-3.6.3\maven_jar_package\org\elasticsearch\client\elasticsearch-rest-client\6.2.2\elasticsearch-rest-client-6.2.2.jar;D:\apache-maven-3.6.3\maven_jar_package\org\apache\httpcomponents\httpclient\4.5.2\httpclient-4.5.2.jar;D:\apache-maven-3.6.3\maven_jar_package\org\apache\httpcomponents\httpcore\4.4.5\httpcore-4.4.5.jar;D:\apache-maven-3.6.3\maven_jar_package\org\apache\httpcomponents\httpasyncclient\4.1.2\httpasyncclient-4.1.2.jar;D:\apache-maven-3.6.3\maven_jar_package\org\apache\httpcomponents\httpcore-nio\4.4.5\httpcore-nio-4.4.5.jar;D:\apache-maven-3.6.3\maven_jar_package\commons-codec\commons-codec\1.10\commons-codec-1.10.jar;D:\apache-maven-3.6.3\maven_jar_package\commons-logging\commons-logging\1.1.3\commons-logging-1.1.3.jar;D:\apache-maven-3.6.3\maven_jar_package\org\elasticsearch\client\elasticsearch-rest-high-level-client\6.2.2\elasticsearch-rest-high-level-client-6.2.2.jar;D:\apache-maven-3.6.3\maven_jar_package\org\elasticsearch\plugin\parent-join-client\6.2.2\parent-join-client-6.2.2.jar;D:\apache-maven-3.6.3\maven_jar_package\org\elasticsearch\plugin\aggs-matrix-stats-client\6.2.2\aggs-matrix-stats-client-6.2.2.jar;D:\apache-maven-3.6.3\maven_jar_package\org\elasticsearch\plugin\rank-eval-client\6.2.2\rank-eval-client-6.2.2.jar;D:\apache-maven-3.6.3\maven_jar_package\org\springframework\data\spring-data-elasticsearch\3.1.3.RELEASE\spring-data-elasticsearch-3.1.3.RELEASE.jar;D:\apache-maven-3.6.3\maven_jar_package\org\springframework\data\spring-data-commons\2.1.3.RELEASE\spring-data-commons-2.1.3.RELEASE.jar;D:\apache-maven-3.6.3\maven_jar_package\org\elasticsearch\client\transport\6.2.2\transport-6.2.2.jar;D:\apache-maven-3.6.3\maven_jar_package\org\elasticsearch\plugin\reindex-client\6.2.2\reindex-client-6.2.2.jar;D:\apache-maven-3.6.3\maven_jar_package\org\elasticsearch\plugin\lang-mustache-client\6.2.2\lang-mustache-client-6.2.2.jar;D:\apache-maven-3.6.3\maven_jar_package\com\github\spullara\mustache\java\compiler\0.9.3\compiler-0.9.3.jar;D:\apache-maven-3.6.3\maven_jar_package\org\elasticsearch\plugin\percolator-client\6.2.2\percolator-client-6.2.2.jar;D:\apache-maven-3.6.3\maven_jar_package\org\elasticsearch\plugin\transport-netty4-client\6.2.2\transport-netty4-client-6.2.2.jar;D:\apache-maven-3.6.3\maven_jar_package\io\netty\netty-buffer\4.1.16.Final\netty-buffer-4.1.16.Final.jar;D:\apache-maven-3.6.3\maven_jar_package\io\netty\netty-codec\4.1.16.Final\netty-codec-4.1.16.Final.jar;D:\apache-maven-3.6.3\maven_jar_package\io\netty\netty-codec-http\4.1.16.Final\netty-codec-http-4.1.16.Final.jar;D:\apache-maven-3.6.3\maven_jar_package\io\netty\netty-common\4.1.16.Final\netty-common-4.1.16.Final.jar;D:\apache-maven-3.6.3\maven_jar_package\io\netty\netty-handler\4.1.16.Final\netty-handler-4.1.16.Final.jar;D:\apache-maven-3.6.3\maven_jar_package\io\netty\netty-resolver\4.1.16.Final\netty-resolver-4.1.16.Final.jar;D:\apache-maven-3.6.3\maven_jar_package\io\netty\netty-transport\4.1.16.Final\netty-transport-4.1.16.Final.jar;D:\apache-maven-3.6.3\maven_jar_package\org\apache\logging\log4j\log4j-core\2.4.1\log4j-core-2.4.1.jar;D:\apache-maven-3.6.3\maven_jar_package\com\alibaba\fastjson\1.2.4\fastjson-1.2.4.jar;D:\apache-maven-3.6.3\maven_jar_package\javax\servlet\servlet-api\2.5\servlet-api-2.5.jar;D:\apache-maven-3.6.3\maven_jar_package\org\springframework\spring-beans\5.2.7.RELEASE\spring-beans-5.2.7.RELEASE.jar;D:\apache-maven-3.6.3\maven_jar_package\org\springframework\spring-context\5.2.7.RELEASE\spring-context-5.2.7.RELEASE.jar;D:\apache-maven-3.6.3\maven_jar_package\org\springframework\spring-core\5.2.7.RELEASE\spring-core-5.2.7.RELEASE.jar;D:\apache-maven-3.6.3\maven_jar_package\org\springframework\spring-jcl\5.2.7.RELEASE\spring-jcl-5.2.7.RELEASE.jar;D:\apache-maven-3.6.3\maven_jar_package\org\springframework\spring-expression\5.2.7.RELEASE\spring-expression-5.2.7.RELEASE.jar;D:\apache-maven-3.6.3\maven_jar_package\org\springframework\spring-webmvc\5.2.7.RELEASE\spring-webmvc-5.2.7.RELEASE.jar;D:\apache-maven-3.6.3\maven_jar_package\org\springframework\spring-web\5.2.7.RELEASE\spring-web-5.2.7.RELEASE.jar;D:\apache-maven-3.6.3\maven_jar_package\org\springframework\spring-tx\5.2.7.RELEASE\spring-tx-5.2.7.RELEASE.jar;D:\apache-maven-3.6.3\maven_jar_package\org\springframework\spring-aop\5.2.7.RELEASE\spring-aop-5.2.7.RELEASE.jar;D:\apache-maven-3.6.3\maven_jar_package\org\springframework\spring-aspects\5.2.7.RELEASE\spring-aspects-5.2.7.RELEASE.jar;D:\apache-maven-3.6.3\maven_jar_package\org\aspectj\aspectjweaver\1.9.5\aspectjweaver-1.9.5.jar;D:\apache-maven-3.6.3\maven_jar_package\org\springframework\spring-jdbc\5.2.7.RELEASE\spring-jdbc-5.2.7.RELEASE.jar;D:\apache-maven-3.6.3\maven_jar_package\org\springframework\spring-orm\5.2.7.RELEASE\spring-orm-5.2.7.RELEASE.jar;D:\apache-maven-3.6.3\maven_jar_package\junit\junit\4.12\junit-4.12.jar;D:\apache-maven-3.6.3\maven_jar_package\org\hamcrest\hamcrest-core\1.3\hamcrest-core-1.3.jar;D:\apache-maven-3.6.3\maven_jar_package\org\springframework\spring-test\5.2.7.RELEASE\spring-test-5.2.7.RELEASE.jar;D:\apache-maven-3.6.3\maven_jar_package\redis\clients\jedis\2.9.0\jedis-2.9.0.jar;D:\apache-maven-3.6.3\maven_jar_package\org\apache\commons\commons-pool2\2.4.2\commons-pool2-2.4.2.jar;D:\apache-maven-3.6.3\maven_jar_package\org\springframework\data\spring-data-redis\2.3.1.RELEASE\spring-data-redis-2.3.1.RELEASE.jar;D:\apache-maven-3.6.3\maven_jar_package\org\springframework\data\spring-data-keyvalue\2.3.1.RELEASE\spring-data-keyvalue-2.3.1.RELEASE.jar;D:\apache-maven-3.6.3\maven_jar_package\org\springframework\spring-oxm\5.2.7.RELEASE\spring-oxm-5.2.7.RELEASE.jar;D:\apache-maven-3.6.3\maven_jar_package\org\springframework\spring-context-support\5.2.7.RELEASE\spring-context-support-5.2.7.RELEASE.jar;"/>
    <property name="java.vm.vendor" value="Oracle Corporation"/>
    <property name="sun.arch.data.model" value="32"/>
    <property name="user.variant" value=""/>
    <property name="java.vendor.url" value="http://java.oracle.com/"/>
    <property name="user.timezone" value="Asia/Shanghai"/>
    <property name="java.vm.specification.version" value="1.8"/>
    <property name="os.name" value="Windows 10"/>
    <property name="user.country" value="CN"/>
    <property name="sun.java.launcher" value="SUN_STANDARD"/>
    <property name="sun.boot.library.path" value="D:\java\jdk1.8\jdk\jre\bin"/>
    <property name="sun.java.command" value="C:\Users\19746\AppData\Local\Temp\surefire3795221334501534390\surefirebooter3371376682525123397.jar C:\Users\19746\AppData\Local\Temp\surefire3795221334501534390 2021-12-26T21-02-28_496-jvmRun1 surefire3274060065876992926tmp surefire_06878322736941950368tmp"/>
    <property name="surefire.test.class.path" value="D:\workspace\spring_2\target\test-classes;D:\workspace\spring_2\target\classes;D:\apache-maven-3.6.3\maven_jar_package\org\springframework\amqp\spring-rabbit\2.1.7.RELEASE\spring-rabbit-2.1.7.RELEASE.jar;D:\apache-maven-3.6.3\maven_jar_package\org\springframework\amqp\spring-amqp\2.1.7.RELEASE\spring-amqp-2.1.7.RELEASE.jar;D:\apache-maven-3.6.3\maven_jar_package\org\springframework\retry\spring-retry\1.2.4.RELEASE\spring-retry-1.2.4.RELEASE.jar;D:\apache-maven-3.6.3\maven_jar_package\org\springframework\spring-messaging\5.1.8.RELEASE\spring-messaging-5.1.8.RELEASE.jar;D:\apache-maven-3.6.3\maven_jar_package\com\rabbitmq\amqp-client\5.8.0\amqp-client-5.8.0.jar;D:\apache-maven-3.6.3\maven_jar_package\org\slf4j\slf4j-api\1.7.29\slf4j-api-1.7.29.jar;D:\apache-maven-3.6.3\maven_jar_package\com\fasterxml\jackson\core\jackson-databind\2.9.5\jackson-databind-2.9.5.jar;D:\apache-maven-3.6.3\maven_jar_package\com\fasterxml\jackson\core\jackson-annotations\2.9.0\jackson-annotations-2.9.0.jar;D:\apache-maven-3.6.3\maven_jar_package\com\fasterxml\jackson\core\jackson-core\2.9.5\jackson-core-2.9.5.jar;D:\apache-maven-3.6.3\maven_jar_package\org\elasticsearch\elasticsearch\6.2.2\elasticsearch-6.2.2.jar;D:\apache-maven-3.6.3\maven_jar_package\org\elasticsearch\elasticsearch-core\6.2.2\elasticsearch-core-6.2.2.jar;D:\apache-maven-3.6.3\maven_jar_package\org\apache\lucene\lucene-core\7.2.1\lucene-core-7.2.1.jar;D:\apache-maven-3.6.3\maven_jar_package\org\apache\lucene\lucene-analyzers-common\7.2.1\lucene-analyzers-common-7.2.1.jar;D:\apache-maven-3.6.3\maven_jar_package\org\apache\lucene\lucene-backward-codecs\7.2.1\lucene-backward-codecs-7.2.1.jar;D:\apache-maven-3.6.3\maven_jar_package\org\apache\lucene\lucene-grouping\7.2.1\lucene-grouping-7.2.1.jar;D:\apache-maven-3.6.3\maven_jar_package\org\apache\lucene\lucene-highlighter\7.2.1\lucene-highlighter-7.2.1.jar;D:\apache-maven-3.6.3\maven_jar_package\org\apache\lucene\lucene-join\7.2.1\lucene-join-7.2.1.jar;D:\apache-maven-3.6.3\maven_jar_package\org\apache\lucene\lucene-memory\7.2.1\lucene-memory-7.2.1.jar;D:\apache-maven-3.6.3\maven_jar_package\org\apache\lucene\lucene-misc\7.2.1\lucene-misc-7.2.1.jar;D:\apache-maven-3.6.3\maven_jar_package\org\apache\lucene\lucene-queries\7.2.1\lucene-queries-7.2.1.jar;D:\apache-maven-3.6.3\maven_jar_package\org\apache\lucene\lucene-queryparser\7.2.1\lucene-queryparser-7.2.1.jar;D:\apache-maven-3.6.3\maven_jar_package\org\apache\lucene\lucene-sandbox\7.2.1\lucene-sandbox-7.2.1.jar;D:\apache-maven-3.6.3\maven_jar_package\org\apache\lucene\lucene-spatial\7.2.1\lucene-spatial-7.2.1.jar;D:\apache-maven-3.6.3\maven_jar_package\org\apache\lucene\lucene-spatial-extras\7.2.1\lucene-spatial-extras-7.2.1.jar;D:\apache-maven-3.6.3\maven_jar_package\org\apache\lucene\lucene-spatial3d\7.2.1\lucene-spatial3d-7.2.1.jar;D:\apache-maven-3.6.3\maven_jar_package\org\apache\lucene\lucene-suggest\7.2.1\lucene-suggest-7.2.1.jar;D:\apache-maven-3.6.3\maven_jar_package\org\elasticsearch\securesm\1.2\securesm-1.2.jar;D:\apache-maven-3.6.3\maven_jar_package\org\elasticsearch\elasticsearch-cli\6.2.2\elasticsearch-cli-6.2.2.jar;D:\apache-maven-3.6.3\maven_jar_package\net\sf\jopt-simple\jopt-simple\5.0.2\jopt-simple-5.0.2.jar;D:\apache-maven-3.6.3\maven_jar_package\com\carrotsearch\hppc\0.7.1\hppc-0.7.1.jar;D:\apache-maven-3.6.3\maven_jar_package\joda-time\joda-time\2.9.9\joda-time-2.9.9.jar;D:\apache-maven-3.6.3\maven_jar_package\org\yaml\snakeyaml\1.17\snakeyaml-1.17.jar;D:\apache-maven-3.6.3\maven_jar_package\com\fasterxml\jackson\dataformat\jackson-dataformat-smile\2.8.10\jackson-dataformat-smile-2.8.10.jar;D:\apache-maven-3.6.3\maven_jar_package\com\fasterxml\jackson\dataformat\jackson-dataformat-yaml\2.8.10\jackson-dataformat-yaml-2.8.10.jar;D:\apache-maven-3.6.3\maven_jar_package\com\fasterxml\jackson\dataformat\jackson-dataformat-cbor\2.8.10\jackson-dataformat-cbor-2.8.10.jar;D:\apache-maven-3.6.3\maven_jar_package\com\tdunning\t-digest\3.0\t-digest-3.0.jar;D:\apache-maven-3.6.3\maven_jar_package\org\hdrhistogram\HdrHistogram\2.1.9\HdrHistogram-2.1.9.jar;D:\apache-maven-3.6.3\maven_jar_package\org\apache\logging\log4j\log4j-api\2.9.1\log4j-api-2.9.1.jar;D:\apache-maven-3.6.3\maven_jar_package\org\elasticsearch\jna\4.5.1\jna-4.5.1.jar;D:\apache-maven-3.6.3\maven_jar_package\org\nlpcn\elasticsearch-sql\6.2.2.0\elasticsearch-sql-6.2.2.0.jar;D:\apache-maven-3.6.3\maven_jar_package\com\alibaba\druid\1.0.15\druid-1.0.15.jar;D:\java\jdk1.8\jdk\jre\..\lib\jconsole.jar;D:\java\jdk1.8\jdk\jre\..\lib\tools.jar;D:\apache-maven-3.6.3\maven_jar_package\org\locationtech\spatial4j\spatial4j\0.6\spatial4j-0.6.jar;D:\apache-maven-3.6.3\maven_jar_package\com\vividsolutions\jts\1.13\jts-1.13.jar;D:\apache-maven-3.6.3\maven_jar_package\com\google\guava\guava\15.0\guava-15.0.jar;D:\apache-maven-3.6.3\maven_jar_package\org\elasticsearch\client\elasticsearch-rest-client\6.2.2\elasticsearch-rest-client-6.2.2.jar;D:\apache-maven-3.6.3\maven_jar_package\org\apache\httpcomponents\httpclient\4.5.2\httpclient-4.5.2.jar;D:\apache-maven-3.6.3\maven_jar_package\org\apache\httpcomponents\httpcore\4.4.5\httpcore-4.4.5.jar;D:\apache-maven-3.6.3\maven_jar_package\org\apache\httpcomponents\httpasyncclient\4.1.2\httpasyncclient-4.1.2.jar;D:\apache-maven-3.6.3\maven_jar_package\org\apache\httpcomponents\httpcore-nio\4.4.5\httpcore-nio-4.4.5.jar;D:\apache-maven-3.6.3\maven_jar_package\commons-codec\commons-codec\1.10\commons-codec-1.10.jar;D:\apache-maven-3.6.3\maven_jar_package\commons-logging\commons-logging\1.1.3\commons-logging-1.1.3.jar;D:\apache-maven-3.6.3\maven_jar_package\org\elasticsearch\client\elasticsearch-rest-high-level-client\6.2.2\elasticsearch-rest-high-level-client-6.2.2.jar;D:\apache-maven-3.6.3\maven_jar_package\org\elasticsearch\plugin\parent-join-client\6.2.2\parent-join-client-6.2.2.jar;D:\apache-maven-3.6.3\maven_jar_package\org\elasticsearch\plugin\aggs-matrix-stats-client\6.2.2\aggs-matrix-stats-client-6.2.2.jar;D:\apache-maven-3.6.3\maven_jar_package\org\elasticsearch\plugin\rank-eval-client\6.2.2\rank-eval-client-6.2.2.jar;D:\apache-maven-3.6.3\maven_jar_package\org\springframework\data\spring-data-elasticsearch\3.1.3.RELEASE\spring-data-elasticsearch-3.1.3.RELEASE.jar;D:\apache-maven-3.6.3\maven_jar_package\org\springframework\data\spring-data-commons\2.1.3.RELEASE\spring-data-commons-2.1.3.RELEASE.jar;D:\apache-maven-3.6.3\maven_jar_package\org\elasticsearch\client\transport\6.2.2\transport-6.2.2.jar;D:\apache-maven-3.6.3\maven_jar_package\org\elasticsearch\plugin\reindex-client\6.2.2\reindex-client-6.2.2.jar;D:\apache-maven-3.6.3\maven_jar_package\org\elasticsearch\plugin\lang-mustache-client\6.2.2\lang-mustache-client-6.2.2.jar;D:\apache-maven-3.6.3\maven_jar_package\com\github\spullara\mustache\java\compiler\0.9.3\compiler-0.9.3.jar;D:\apache-maven-3.6.3\maven_jar_package\org\elasticsearch\plugin\percolator-client\6.2.2\percolator-client-6.2.2.jar;D:\apache-maven-3.6.3\maven_jar_package\org\elasticsearch\plugin\transport-netty4-client\6.2.2\transport-netty4-client-6.2.2.jar;D:\apache-maven-3.6.3\maven_jar_package\io\netty\netty-buffer\4.1.16.Final\netty-buffer-4.1.16.Final.jar;D:\apache-maven-3.6.3\maven_jar_package\io\netty\netty-codec\4.1.16.Final\netty-codec-4.1.16.Final.jar;D:\apache-maven-3.6.3\maven_jar_package\io\netty\netty-codec-http\4.1.16.Final\netty-codec-http-4.1.16.Final.jar;D:\apache-maven-3.6.3\maven_jar_package\io\netty\netty-common\4.1.16.Final\netty-common-4.1.16.Final.jar;D:\apache-maven-3.6.3\maven_jar_package\io\netty\netty-handler\4.1.16.Final\netty-handler-4.1.16.Final.jar;D:\apache-maven-3.6.3\maven_jar_package\io\netty\netty-resolver\4.1.16.Final\netty-resolver-4.1.16.Final.jar;D:\apache-maven-3.6.3\maven_jar_package\io\netty\netty-transport\4.1.16.Final\netty-transport-4.1.16.Final.jar;D:\apache-maven-3.6.3\maven_jar_package\org\apache\logging\log4j\log4j-core\2.4.1\log4j-core-2.4.1.jar;D:\apache-maven-3.6.3\maven_jar_package\com\alibaba\fastjson\1.2.4\fastjson-1.2.4.jar;D:\apache-maven-3.6.3\maven_jar_package\javax\servlet\servlet-api\2.5\servlet-api-2.5.jar;D:\apache-maven-3.6.3\maven_jar_package\org\springframework\spring-beans\5.2.7.RELEASE\spring-beans-5.2.7.RELEASE.jar;D:\apache-maven-3.6.3\maven_jar_package\org\springframework\spring-context\5.2.7.RELEASE\spring-context-5.2.7.RELEASE.jar;D:\apache-maven-3.6.3\maven_jar_package\org\springframework\spring-core\5.2.7.RELEASE\spring-core-5.2.7.RELEASE.jar;D:\apache-maven-3.6.3\maven_jar_package\org\springframework\spring-jcl\5.2.7.RELEASE\spring-jcl-5.2.7.RELEASE.jar;D:\apache-maven-3.6.3\maven_jar_package\org\springframework\spring-expression\5.2.7.RELEASE\spring-expression-5.2.7.RELEASE.jar;D:\apache-maven-3.6.3\maven_jar_package\org\springframework\spring-webmvc\5.2.7.RELEASE\spring-webmvc-5.2.7.RELEASE.jar;D:\apache-maven-3.6.3\maven_jar_package\org\springframework\spring-web\5.2.7.RELEASE\spring-web-5.2.7.RELEASE.jar;D:\apache-maven-3.6.3\maven_jar_package\org\springframework\spring-tx\5.2.7.RELEASE\spring-tx-5.2.7.RELEASE.jar;D:\apache-maven-3.6.3\maven_jar_package\org\springframework\spring-aop\5.2.7.RELEASE\spring-aop-5.2.7.RELEASE.jar;D:\apache-maven-3.6.3\maven_jar_package\org\springframework\spring-aspects\5.2.7.RELEASE\spring-aspects-5.2.7.RELEASE.jar;D:\apache-maven-3.6.3\maven_jar_package\org\aspectj\aspectjweaver\1.9.5\aspectjweaver-1.9.5.jar;D:\apache-maven-3.6.3\maven_jar_package\org\springframework\spring-jdbc\5.2.7.RELEASE\spring-jdbc-5.2.7.RELEASE.jar;D:\apache-maven-3.6.3\maven_jar_package\org\springframework\spring-orm\5.2.7.RELEASE\spring-orm-5.2.7.RELEASE.jar;D:\apache-maven-3.6.3\maven_jar_package\junit\junit\4.12\junit-4.12.jar;D:\apache-maven-3.6.3\maven_jar_package\org\hamcrest\hamcrest-core\1.3\hamcrest-core-1.3.jar;D:\apache-maven-3.6.3\maven_jar_package\org\springframework\spring-test\5.2.7.RELEASE\spring-test-5.2.7.RELEASE.jar;D:\apache-maven-3.6.3\maven_jar_package\redis\clients\jedis\2.9.0\jedis-2.9.0.jar;D:\apache-maven-3.6.3\maven_jar_package\org\apache\commons\commons-pool2\2.4.2\commons-pool2-2.4.2.jar;D:\apache-maven-3.6.3\maven_jar_package\org\springframework\data\spring-data-redis\2.3.1.RELEASE\spring-data-redis-2.3.1.RELEASE.jar;D:\apache-maven-3.6.3\maven_jar_package\org\springframework\data\spring-data-keyvalue\2.3.1.RELEASE\spring-data-keyvalue-2.3.1.RELEASE.jar;D:\apache-maven-3.6.3\maven_jar_package\org\springframework\spring-oxm\5.2.7.RELEASE\spring-oxm-5.2.7.RELEASE.jar;D:\apache-maven-3.6.3\maven_jar_package\org\springframework\spring-context-support\5.2.7.RELEASE\spring-context-support-5.2.7.RELEASE.jar;"/>
    <property name="sun.cpu.endian" value="little"/>
    <property name="user.home" value="C:\Users\19746"/>
    <property name="user.language" value="zh"/>
    <property name="java.specification.vendor" value="Oracle Corporation"/>
    <property name="java.home" value="D:\java\jdk1.8\jdk\jre"/>
    <property name="basedir" value="D:\workspace\spring_2"/>
    <property name="file.separator" value="\"/>
    <property name="line.separator" value="&#10;"/>
    <property name="java.vm.specification.vendor" value="Oracle Corporation"/>
    <property name="java.specification.name" value="Java Platform API Specification"/>
    <property name="java.awt.graphicsenv" value="sun.awt.Win32GraphicsEnvironment"/>
    <property name="surefire.real.class.path" value="C:\Users\19746\AppData\Local\Temp\surefire3795221334501534390\surefirebooter3371376682525123397.jar"/>
    <property name="sun.boot.class.path" value="D:\java\jdk1.8\jdk\jre\lib\resources.jar;D:\java\jdk1.8\jdk\jre\lib\rt.jar;D:\java\jdk1.8\jdk\jre\lib\sunrsasign.jar;D:\java\jdk1.8\jdk\jre\lib\jsse.jar;D:\java\jdk1.8\jdk\jre\lib\jce.jar;D:\java\jdk1.8\jdk\jre\lib\charsets.jar;D:\java\jdk1.8\jdk\jre\lib\jfr.jar;D:\java\jdk1.8\jdk\jre\classes"/>
    <property name="user.script" value=""/>
    <property name="sun.management.compiler" value="HotSpot Client Compiler"/>
    <property name="java.runtime.version" value="1.8.0_191-b12"/>
    <property name="user.name" value="19746"/>
    <property name="path.separator" value=";"/>
    <property name="os.version" value="10.0"/>
    <property name="java.endorsed.dirs" value="D:\java\jdk1.8\jdk\jre\lib\endorsed"/>
    <property name="java.runtime.name" value="Java(TM) SE Runtime Environment"/>
    <property name="file.encoding" value="GBK"/>
    <property name="java.vm.name" value="Java HotSpot(TM) Client VM"/>
    <property name="idea.version2020.1" value="true"/>
    <property name="localRepository" value="D:\apache-maven-3.6.3\maven_jar_package"/>
    <property name="java.vendor.url.bug" value="http://bugreport.sun.com/bugreport/"/>
    <property name="java.io.tmpdir" value="C:\Users\19746\AppData\Local\Temp\"/>
    <property name="java.version" value="1.8.0_191"/>
    <property name="user.dir" value="D:\workspace\spring_2"/>
    <property name="os.arch" value="x86"/>
    <property name="java.vm.specification.name" value="Java Virtual Machine Specification"/>
    <property name="java.awt.printerjob" value="sun.awt.windows.WPrinterJob"/>
    <property name="sun.os.patch.level" value=""/>
    <property name="java.library.path" value="D:\java\jdk1.8\jdk\jre\bin;C:\WINDOWS\Sun\Java\bin;C:\WINDOWS\system32;C:\WINDOWS;D:\study\vmware\bin\;C:\Program Files (x86)\Common Files\Oracle\Java\javapath;C:\Windows\system32;C:\Windows;C:\Windows\System32\Wbem;C:\Windows\System32\WindowsPowerShell\v1.0\;C:\Windows\System32\OpenSSH\;C:\Program Files (x86)\NVIDIA Corporation\PhysX\Common;C:\Program Files\NVIDIA Corporation\NVIDIA NvDLISR;C:\WINDOWS\system32;C:\WINDOWS;C:\WINDOWS\System32\Wbem;C:\WINDOWS\System32\WindowsPowerShell\v1.0\;C:\WINDOWS\System32\OpenSSH\;D:\java\jdk1.8\jdk\jdk\bin;D:\java\jdk1.8\jdk\jre\bin;D:\apache-maven-3.6.3\bin;D:\study\xshell\;D:\study\xftp\;C:\Users\19746\AppData\Local\Microsoft\WindowsApps;;D:\应用软件\Microsoft VS Code\bin;."/>
    <property name="java.vm.info" value="mixed mode"/>
    <property name="java.vendor" value="Oracle Corporation"/>
    <property name="java.vm.version" value="25.191-b12"/>
    <property name="java.ext.dirs" value="D:\java\jdk1.8\jdk\jre\lib\ext;C:\WINDOWS\Sun\Java\lib\ext"/>
    <property name="sun.io.unicode.encoding" value="UnicodeLittle"/>
    <property name="maven.repo.local" value="D:\apache-maven-3.6.3\maven_jar_package"/>
    <property name="java.class.version" value="52.0"/>
  </properties>
  <testcase name="expressionTest" classname="com.mk.springexpression.BeanTest" time="0.002"/>
</testsuite>